<?xml version="1.0" encoding="UTF-8"?>
<!-- Generated by org.testng.reporters.JUnitReportReporter -->
<testsuite hostname="Prasad" failures="0" tests="1" name="com.StromgerMe.Scripts.AddCoaches" time="18.773" errors="0" timestamp="2021-09-14T22:14:09 IST" skipped="0">
  <testcase classname="com.StromgerMe.Scripts.AddCoaches" name="addCoach" time="18.773"/>
  <system-out/>
</testsuite> <!-- com.StromgerMe.Scripts.AddCoaches -->
