<?xml version="1.0" encoding="UTF-8"?>
<!-- Generated by org.testng.reporters.JUnitReportReporter -->
<testsuite hostname="Prasad" failures="0" tests="4" name="com.StromgerMe.Scripts.LoginTest" time="5.861" errors="0" timestamp="2021-09-23T14:43:09 IST" skipped="0">
  <testcase classname="com.StromgerMe.Scripts.LoginTest" name="Login" time="0.984"/>
  <system-out/>
  <testcase classname="com.StromgerMe.Scripts.LoginTest" name="Login" time="1.005"/>
  <system-out/>
  <testcase classname="com.StromgerMe.Scripts.LoginTest" name="Login" time="2.818"/>
  <system-out/>
  <testcase classname="com.StromgerMe.Scripts.LoginTest" name="Login" time="1.054"/>
  <system-out/>
</testsuite> <!-- com.StromgerMe.Scripts.LoginTest -->
