<?xml version="1.0" encoding="UTF-8"?>
<!-- Generated by org.testng.reporters.JUnitReportReporter -->
<testsuite hostname="Prasad" failures="0" tests="1" name="com.StromgerMe.Scripts.AddCoaches" time="6.617" errors="0" timestamp="2021-08-27T12:24:06 IST" skipped="0">
  <testcase classname="com.StromgerMe.Scripts.AddCoaches" name="addCoach" time="6.617"/>
  <system-out/>
</testsuite> <!-- com.StromgerMe.Scripts.AddCoaches -->
